Running in Lattice mode


Starting:    C:\ispLEVER_Classic2_0\synpbase\win64\mbin\synbatch.exe
Install:     C:\ispLEVER_Classic2_0\synpbase
Date:        Wed Sep 12 11:02:44 2018
Version:     I-2014.03LC 

Arguments:   -product synplify_pro  -batch c:/users/johangh/desktop/gruppe16/main/main\GAL_addrSelect.prj
ProductType: synplify_pro





log file: "C:\users\johangh\desktop\gruppe16\main\main\GAL_addrSelect.srr"

Running GAL_addrSelect|main

Running: Compile on GAL_addrSelect|main

Running: Compile Process on GAL_addrSelect|main

Running: Compile Input on GAL_addrSelect|main
Copied C:\users\johangh\desktop\gruppe16\main\main\synwork\GAL_addrSelect_comp.srs to C:\users\johangh\desktop\gruppe16\main\main\GAL_addrSelect.srs
compiler Completed
Return Code: 0
Run Time:0h:00m:02s

Running: Multi-srs Generator on GAL_addrSelect|main
Copied C:\users\johangh\desktop\gruppe16\main\main\synwork\GAL_addrSelect_comp.srs to C:\users\johangh\desktop\gruppe16\main\main\synwork\GAL_addrSelect_s.srs
multi_srs_gen Completed
Return Code: 0
Run Time:0h:00m:00s
Copied C:\users\johangh\desktop\gruppe16\main\main\synwork\GAL_addrSelect_mult.srs to C:\users\johangh\desktop\gruppe16\main\main\GAL_addrSelect.srs
Copied C:\users\johangh\desktop\gruppe16\main\main\GAL_addrSelect.srr to C:\users\johangh\desktop\gruppe16\main\main\gal_addrselect.srf
Complete: Compile Process on GAL_addrSelect|main
Complete: Compile on GAL_addrSelect|main

Running: Map on GAL_addrSelect|main

Running: Map & Optimize on GAL_addrSelect|main
fpga_mapper Completed
Return Code: 0
Run Time:0h:00m:01s
Complete: Map on GAL_addrSelect|main
Copied C:\users\johangh\desktop\gruppe16\main\main\GAL_addrSelect.srr to C:\users\johangh\desktop\gruppe16\main\main\gal_addrselect.srf
Complete: Logic Synthesis on GAL_addrSelect|main

exit status=0

exit status=0

